#
# A fatal error has been detected by the Java Runtime Environment:
#
#  EXCEPTION_ACCESS_VIOLATION (0xc0000005) at pc=0x0000000061f2b488, pid=9064, tid=0x0000000000002590
#
# JRE version: Java(TM) SE Runtime Environment (8.0_221-b27) (build 1.8.0_221-b27)
# Java VM: Java HotSpot(TM) 64-Bit Server VM (25.221-b27 mixed mode windows-amd64 compressed oops)
# Problematic frame:
# V  [jvm.dll+0x13b488]
#
# Failed to write core dump. Minidumps are not enabled by default on client versions of Windows
#
# If you would like to submit a bug report, please visit:
#   http://bugreport.java.com/bugreport/crash.jsp
#

---------------  T H R E A D  ---------------

Current thread (0x0000000002c7e000):  GCTaskThread [stack: 0x00000000129d0000,0x0000000012ad0000] [id=9616]

siginfo: ExceptionCode=0xc0000005, reading address 0xffffffffffffffff

Registers:
RAX=0x0000000012bd0000, RBX=0x00000000000000f0, RCX=0x0000000000000000, RDX=0x0000000000000008
RSP=0x0000000012acf720, RBP=0x0000000002d4fad0, RSI=0x00000000dcb30f74, RDI=0x0000000000000040
R8 =0x007fffffffbf5000, R9 =0x0000000000000000, R10=0x000000000000000c, R11=0x0000000000000000
R12=0x00000000dcb30f80, R13=0x0000000000000010, R14=0x00000000dcb30f30, R15=0x0000000000000010
RIP=0x0000000061f2b488, EFLAGS=0x0000000000010202

Top of Stack: (sp=0x0000000012acf720)
0x0000000012acf720:   0000000002d4fad0 0000000061f051ba
0x0000000012acf730:   0000000100272288 00000000dcb30f94
0x0000000012acf740:   0000000002d4fad0 0000000061f2b5a3
0x0000000012acf750:   0000000000000000 00000000000003d8
0x0000000012acf760:   0000000002c7eb58 0000000017795600
0x0000000012acf770:   00000000000000f0 00000000621eb8c0
0x0000000012acf780:   0000000002d4fad0 0000000002c71ea0
0x0000000012acf790:   0000000002c7e780 0000000002c7e780
0x0000000012acf7a0:   000003aa00000015 0000000000000c00
0x0000000012acf7b0:   0000000000000000 0000000000000000
0x0000000012acf7c0:   0000000000000000 000000001b7d1800
0x0000000012acf7d0:   0000000000000001 0000000000000001
0x0000000012acf7e0:   0000bf3a82812cfe 0000000002c7eb58
0x0000000012acf7f0:   0000000002c7e780 00000000000003d8
0x0000000012acf800:   0000000002c7e780 0000000002c71ea0
0x0000000012acf810:   0000000002c7e770 0000000017795600 

Instructions: (pc=0x0000000061f2b488)
0x0000000061f2b468:   05 73 a8 6e 00 49 c1 e8 03 49 d3 e8 41 0f b6 c0
0x0000000061f2b478:   49 c1 e8 06 24 3f 0f b6 d0 48 8b 05 88 a8 6e 00
0x0000000061f2b488:   4a 8b 0c c0 48 0f a3 d1 72 3e 48 8b cf e8 e6 1c
0x0000000061f2b498:   fd ff 84 c0 74 32 48 8b d7 48 8b cd e8 c7 dd fc 


Register to memory mapping:

RAX=0x0000000012bd0000 is an unknown value
RBX=0x00000000000000f0 is an unknown value
RCX=0x0000000000000000 is an unknown value
RDX=0x0000000000000008 is an unknown value
RSP=0x0000000012acf720 is an unknown value
RBP=0x0000000002d4fad0 is an unknown value
RSI=0x00000000dcb30f74 is an unknown value
RDI=0x0000000000000040 is an unknown value
R8 =0x007fffffffbf5000 is an unknown value
R9 =0x0000000000000000 is an unknown value
R10=0x000000000000000c is an unknown value
R11=0x0000000000000000 is an unknown value
R12=0x00000000dcb30f80 is an oop
java.util.LinkedHashMap$Entry 
 - klass: 'java/util/LinkedHashMap$Entry'
R13=0x0000000000000010 is an unknown value
R14=0x00000000dcb30f30 is an oop
[Ljava.util.HashMap$Node; 
 - klass: 'java/util/HashMap$Node'[]
 - length: 16
R15=0x0000000000000010 is an unknown value


Stack: [0x00000000129d0000,0x0000000012ad0000],  sp=0x0000000012acf720,  free space=1021k
Native frames: (J=compiled Java code, j=interpreted, Vv=VM code, C=native code)
V  [jvm.dll+0x13b488]
V  [jvm.dll+0x3fb8c0]
V  [jvm.dll+0x3f8923]
V  [jvm.dll+0x3f677e]
V  [jvm.dll+0x29fb8a]
C  [msvcr100.dll+0x21d9f]
C  [msvcr100.dll+0x21e3b]
C  [KERNEL32.DLL+0x17974]
C  [ntdll.dll+0x6a271]


---------------  P R O C E S S  ---------------

Java Threads: ( => current thread )
  0x000000001b89d000 JavaThread "HikariPool-1 housekeeper" daemon [_thread_blocked, id=6324, stack(0x000000001d120000,0x000000001d220000)]
  0x000000001b810800 JavaThread "mysql-cj-abandoned-connection-cleanup" daemon [_thread_blocked, id=10964, stack(0x000000001cd20000,0x000000001ce20000)]
  0x000000001b7d1800 JavaThread "container-0" [_thread_blocked, id=5356, stack(0x000000001cc20000,0x000000001cd20000)]
  0x000000001b7d0800 JavaThread "Catalina-utility-2" [_thread_blocked, id=6260, stack(0x000000001cb20000,0x000000001cc20000)]
  0x000000001b7d0000 JavaThread "Catalina-utility-1" [_thread_blocked, id=8032, stack(0x000000001ca20000,0x000000001cb20000)]
  0x0000000019909800 JavaThread "RMI TCP Accept-0" daemon [_thread_in_native, id=3764, stack(0x000000001a110000,0x000000001a210000)]
  0x0000000019906800 JavaThread "RMI TCP Accept-55196" daemon [_thread_in_native, id=6936, stack(0x000000001a010000,0x000000001a110000)]
  0x00000000198f3000 JavaThread "RMI TCP Accept-0" daemon [_thread_in_native, id=10984, stack(0x0000000019f10000,0x000000001a010000)]
  0x0000000019243000 JavaThread "Service Thread" daemon [_thread_blocked, id=7728, stack(0x0000000019610000,0x0000000019710000)]
  0x00000000178d7000 JavaThread "C1 CompilerThread2" daemon [_thread_blocked, id=484, stack(0x0000000019110000,0x0000000019210000)]
  0x00000000178c9000 JavaThread "C2 CompilerThread1" daemon [_thread_blocked, id=6372, stack(0x0000000019010000,0x0000000019110000)]
  0x00000000178c5000 JavaThread "C2 CompilerThread0" daemon [_thread_blocked, id=10512, stack(0x0000000018f10000,0x0000000019010000)]
  0x00000000178c3800 JavaThread "Attach Listener" daemon [_thread_blocked, id=11472, stack(0x0000000018e10000,0x0000000018f10000)]
  0x00000000178c2000 JavaThread "Signal Dispatcher" daemon [_thread_blocked, id=7996, stack(0x0000000018d10000,0x0000000018e10000)]
  0x00000000178aa000 JavaThread "Finalizer" daemon [_thread_blocked, id=572, stack(0x0000000018b10000,0x0000000018c10000)]
  0x0000000002d54000 JavaThread "Reference Handler" daemon [_thread_blocked, id=9340, stack(0x0000000018a10000,0x0000000018b10000)]
  0x0000000002c65000 JavaThread "main" [_thread_blocked, id=6156, stack(0x0000000002aa0000,0x0000000002ba0000)]

Other Threads:
  0x0000000017887800 VMThread [stack: 0x0000000018910000,0x0000000018a10000] [id=11212]
  0x000000001990b800 WatcherThread [stack: 0x000000001a210000,0x000000001a310000] [id=7308]

=>0x0000000002c7e000 (exited) GCTaskThread [stack: 0x00000000129d0000,0x0000000012ad0000] [id=9616]

VM state:at safepoint (normal execution)

VM Mutex/Monitor currently owned by a thread:  ([mutex/lock_event])
[0x0000000002c61d50] Threads_lock - owner thread: 0x0000000017887800
[0x0000000002c61fd0] Heap_lock - owner thread: 0x0000000002c65000

heap address: 0x0000000081600000, size: 2026 MB, Compressed Oops mode: 32-bit
Narrow klass base: 0x0000000000000000, Narrow klass shift: 3
Compressed class space size: 1073741824 Address: 0x0000000100000000

Heap:
 PSYoungGen      total 117248K, used 10746K [0x00000000d5d00000, 0x00000000e1e80000, 0x0000000100000000)
  eden space 106496K, 0% used [0x00000000d5d00000,0x00000000d5d00000,0x00000000dc500000)
  from space 10752K, 99% used [0x00000000dc500000,0x00000000dcf7e9e8,0x00000000dcf80000)
  to   space 15360K, 0% used [0x00000000e0f80000,0x00000000e0f80000,0x00000000e1e80000)
 ParOldGen       total 53248K, used 14044K [0x0000000081600000, 0x0000000084a00000, 0x00000000d5d00000)
  object space 53248K, 26% used [0x0000000081600000,0x00000000823b71e0,0x0000000084a00000)
 Metaspace       used 33779K, capacity 35320K, committed 35416K, reserved 1079296K
  class space    used 4597K, capacity 4889K, committed 4952K, reserved 1048576K

Card table byte_map: [0x0000000012120000,0x0000000012520000] byte_map_base: 0x0000000011d15000

Marking Bits: (ParMarkBitMap*) 0x0000000062615ce0
 Begin Bits: [0x0000000012bd0000, 0x0000000014b78000)
 End Bits:   [0x0000000014b78000, 0x0000000016b20000)

Polling page: 0x0000000000c00000

CodeCache: size=245760Kb used=6505Kb max_used=6505Kb free=239254Kb
 bounds [0x0000000002d60000, 0x00000000033c0000, 0x0000000011d60000]
 total_blobs=3511 nmethods=3063 adapters=359
 compilation: enabled

Compilation events (10 events):
Event: 2.379 Thread 0x00000000178d7000 3059       1       java.util.Calendar::getFirstDayOfWeek (5 bytes)
Event: 2.380 Thread 0x00000000178d7000 nmethod 3059 0x00000000033b8c90 code [0x00000000033b8de0, 0x00000000033b8ef0]
Event: 2.380 Thread 0x00000000178d7000 3060       1       java.util.Calendar::getMinimalDaysInFirstWeek (5 bytes)
Event: 2.380 Thread 0x00000000178d7000 nmethod 3060 0x00000000033b8f50 code [0x00000000033b90a0, 0x00000000033b91b0]
Event: 2.386 Thread 0x00000000178d7000 3061       1       ch.qos.logback.classic.Logger::<init> (25 bytes)
Event: 2.386 Thread 0x00000000178d7000 nmethod 3061 0x00000000033b9210 code [0x00000000033b9360, 0x00000000033b94b0]
Event: 2.386 Thread 0x00000000178d7000 3062       1       ch.qos.logback.classic.Logger::createChildByName (128 bytes)
Event: 2.386 Thread 0x00000000178d7000 nmethod 3062 0x00000000033b9510 code [0x00000000033b9720, 0x00000000033b9eb8]
Event: 2.417 Thread 0x00000000178d7000 3063       1       java.net.URLClassLoader::access$200 (5 bytes)
Event: 2.417 Thread 0x00000000178d7000 nmethod 3063 0x00000000033ba410 code [0x00000000033ba560, 0x00000000033ba650]

GC Heap History (10 events):
Event: 1.038 GC heap after
Heap after GC invocations=4 (full 0):
 PSYoungGen      total 71680K, used 5088K [0x00000000d5d00000, 0x00000000da800000, 0x0000000100000000)
  eden space 66560K, 0% used [0x00000000d5d00000,0x00000000d5d00000,0x00000000d9e00000)
  from space 5120K, 99% used [0x00000000da300000,0x00000000da7f8020,0x00000000da800000)
  to   space 5120K, 0% used [0x00000000d9e00000,0x00000000d9e00000,0x00000000da300000)
 ParOldGen       total 87552K, used 5697K [0x0000000081600000, 0x0000000086b80000, 0x00000000d5d00000)
  object space 87552K, 6% used [0x0000000081600000,0x0000000081b90780,0x0000000086b80000)
 Metaspace       used 20574K, capacity 21134K, committed 21248K, reserved 1067008K
  class space    used 2789K, capacity 2972K, committed 3072K, reserved 1048576K
}
Event: 1.038 GC heap before
{Heap before GC invocations=5 (full 1):
 PSYoungGen      total 71680K, used 5088K [0x00000000d5d00000, 0x00000000da800000, 0x0000000100000000)
  eden space 66560K, 0% used [0x00000000d5d00000,0x00000000d5d00000,0x00000000d9e00000)
  from space 5120K, 99% used [0x00000000da300000,0x00000000da7f8020,0x00000000da800000)
  to   space 5120K, 0% used [0x00000000d9e00000,0x00000000d9e00000,0x00000000da300000)
 ParOldGen       total 87552K, used 5697K [0x0000000081600000, 0x0000000086b80000, 0x00000000d5d00000)
  object space 87552K, 6% used [0x0000000081600000,0x0000000081b90780,0x0000000086b80000)
 Metaspace       used 20574K, capacity 21134K, committed 21248K, reserved 1067008K
  class space    used 2789K, capacity 2972K, committed 3072K, reserved 1048576K
Event: 1.061 GC heap after
Heap after GC invocations=5 (full 1):
 PSYoungGen      total 71680K, used 0K [0x00000000d5d00000, 0x00000000da800000, 0x0000000100000000)
  eden space 66560K, 0% used [0x00000000d5d00000,0x00000000d5d00000,0x00000000d9e00000)
  from space 5120K, 0% used [0x00000000da300000,0x00000000da300000,0x00000000da800000)
  to   space 5120K, 0% used [0x00000000d9e00000,0x00000000d9e00000,0x00000000da300000)
 ParOldGen       total 53248K, used 6103K [0x0000000081600000, 0x0000000084a00000, 0x00000000d5d00000)
  object space 53248K, 11% used [0x0000000081600000,0x0000000081bf5ff8,0x0000000084a00000)
 Metaspace       used 20573K, capacity 21128K, committed 21248K, reserved 1067008K
  class space    used 2789K, capacity 2971K, committed 3072K, reserved 1048576K
}
Event: 1.265 GC heap before
{Heap before GC invocations=6 (full 1):
 PSYoungGen      total 71680K, used 66560K [0x00000000d5d00000, 0x00000000da800000, 0x0000000100000000)
  eden space 66560K, 100% used [0x00000000d5d00000,0x00000000d9e00000,0x00000000d9e00000)
  from space 5120K, 0% used [0x00000000da300000,0x00000000da300000,0x00000000da800000)
  to   space 5120K, 0% used [0x00000000d9e00000,0x00000000d9e00000,0x00000000da300000)
 ParOldGen       total 53248K, used 6112K [0x0000000081600000, 0x0000000084a00000, 0x00000000d5d00000)
  object space 53248K, 11% used [0x0000000081600000,0x0000000081bf81b8,0x0000000084a00000)
 Metaspace       used 21453K, capacity 22152K, committed 22400K, reserved 1069056K
  class space    used 2923K, capacity 3147K, committed 3200K, reserved 1048576K
Event: 1.268 GC heap after
Heap after GC invocations=6 (full 1):
 PSYoungGen      total 71680K, used 3741K [0x00000000d5d00000, 0x00000000dd900000, 0x0000000100000000)
  eden space 66560K, 0% used [0x00000000d5d00000,0x00000000d5d00000,0x00000000d9e00000)
  from space 5120K, 73% used [0x00000000d9e00000,0x00000000da1a77e0,0x00000000da300000)
  to   space 8704K, 0% used [0x00000000dd080000,0x00000000dd080000,0x00000000dd900000)
 ParOldGen       total 53248K, used 6184K [0x0000000081600000, 0x0000000084a00000, 0x00000000d5d00000)
  object space 53248K, 11% used [0x0000000081600000,0x0000000081c0a1c8,0x0000000084a00000)
 Metaspace       used 21453K, capacity 22152K, committed 22400K, reserved 1069056K
  class space    used 2923K, capacity 3147K, committed 3200K, reserved 1048576K
}
Event: 1.810 GC heap before
{Heap before GC invocations=7 (full 1):
 PSYoungGen      total 71680K, used 70301K [0x00000000d5d00000, 0x00000000dd900000, 0x0000000100000000)
  eden space 66560K, 100% used [0x00000000d5d00000,0x00000000d9e00000,0x00000000d9e00000)
  from space 5120K, 73% used [0x00000000d9e00000,0x00000000da1a77e0,0x00000000da300000)
  to   space 8704K, 0% used [0x00000000dd080000,0x00000000dd080000,0x00000000dd900000)
 ParOldGen       total 53248K, used 6184K [0x0000000081600000, 0x0000000084a00000, 0x00000000d5d00000)
  object space 53248K, 11% used [0x0000000081600000,0x0000000081c0a1c8,0x0000000084a00000)
 Metaspace       used 26167K, capacity 27210K, committed 27520K, reserved 1073152K
  class space    used 3626K, capacity 3854K, committed 3968K, reserved 1048576K
Event: 1.817 GC heap after
Heap after GC invocations=7 (full 1):
 PSYoungGen      total 115200K, used 8683K [0x00000000d5d00000, 0x00000000dda00000, 0x0000000100000000)
  eden space 106496K, 0% used [0x00000000d5d00000,0x00000000d5d00000,0x00000000dc500000)
  from space 8704K, 99% used [0x00000000dd080000,0x00000000dd8fada8,0x00000000dd900000)
  to   space 10752K, 0% used [0x00000000dc500000,0x00000000dc500000,0x00000000dcf80000)
 ParOldGen       total 53248K, used 7111K [0x0000000081600000, 0x0000000084a00000, 0x00000000d5d00000)
  object space 53248K, 13% used [0x0000000081600000,0x0000000081cf1c80,0x0000000084a00000)
 Metaspace       used 26167K, capacity 27210K, committed 27520K, reserved 1073152K
  class space    used 3626K, capacity 3854K, committed 3968K, reserved 1048576K
}
Event: 2.425 GC heap before
{Heap before GC invocations=8 (full 1):
 PSYoungGen      total 115200K, used 109466K [0x00000000d5d00000, 0x00000000dda00000, 0x0000000100000000)
  eden space 106496K, 94% used [0x00000000d5d00000,0x00000000dbf6bc08,0x00000000dc500000)
  from space 8704K, 99% used [0x00000000dd080000,0x00000000dd8fada8,0x00000000dd900000)
  to   space 10752K, 0% used [0x00000000dc500000,0x00000000dc500000,0x00000000dcf80000)
 ParOldGen       total 53248K, used 7111K [0x0000000081600000, 0x0000000084a00000, 0x00000000d5d00000)
  object space 53248K, 13% used [0x0000000081600000,0x0000000081cf1c80,0x0000000084a00000)
 Metaspace       used 33779K, capacity 35320K, committed 35416K, reserved 1079296K
  class space    used 4597K, capacity 4889K, committed 4952K, reserved 1048576K
Event: 2.437 GC heap after
Heap after GC invocations=8 (full 1):
 PSYoungGen      total 117248K, used 10746K [0x00000000d5d00000, 0x00000000e1e80000, 0x0000000100000000)
  eden space 106496K, 0% used [0x00000000d5d00000,0x00000000d5d00000,0x00000000dc500000)
  from space 10752K, 99% used [0x00000000dc500000,0x00000000dcf7e9e8,0x00000000dcf80000)
  to   space 15360K, 0% used [0x00000000e0f80000,0x00000000e0f80000,0x00000000e1e80000)
 ParOldGen       total 53248K, used 14044K [0x0000000081600000, 0x0000000084a00000, 0x00000000d5d00000)
  object space 53248K, 26% used [0x0000000081600000,0x00000000823b71e0,0x0000000084a00000)
 Metaspace       used 33779K, capacity 35320K, committed 35416K, reserved 1079296K
  class space    used 4597K, capacity 4889K, committed 4952K, reserved 1048576K
}
Event: 2.437 GC heap before
{Heap before GC invocations=9 (full 2):
 PSYoungGen      total 117248K, used 10746K [0x00000000d5d00000, 0x00000000e1e80000, 0x0000000100000000)
  eden space 106496K, 0% used [0x00000000d5d00000,0x00000000d5d00000,0x00000000dc500000)
  from space 10752K, 99% used [0x00000000dc500000,0x00000000dcf7e9e8,0x00000000dcf80000)
  to   space 15360K, 0% used [0x00000000e0f80000,0x00000000e0f80000,0x00000000e1e80000)
 ParOldGen       total 53248K, used 14044K [0x0000000081600000, 0x0000000084a00000, 0x00000000d5d00000)
  object space 53248K, 26% used [0x0000000081600000,0x00000000823b71e0,0x0000000084a00000)
 Metaspace       used 33779K, capacity 35320K, committed 35416K, reserved 1079296K
  class space    used 4597K, capacity 4889K, committed 4952K, reserved 1048576K

Deoptimization events (0 events):
No events

Classes redefined (0 events):
No events

Internal exceptions (10 events):
Event: 2.176 Thread 0x0000000002c65000 Implicit null exception at 0x000000000338018d to 0x00000000033803c9
Event: 2.176 Thread 0x0000000002c65000 Exception <a 'java/lang/NullPointerException'> (0x00000000da52a4b0) thrown at [C:\re\workspace\8-2-build-windows-amd64-cygwin\jdk8u221-mos\13335\hotspot\src\share\vm\runtime\sharedRuntime.cpp, line 605]
Event: 2.181 Thread 0x0000000002c65000 Exception <a 'java/lang/ArrayIndexOutOfBoundsException'> (0x00000000da5c8c08) thrown at [C:\re\workspace\8-2-build-windows-amd64-cygwin\jdk8u221-mos\13335\hotspot\src\share\vm\runtime\sharedRuntime.cpp, line 605]
Event: 2.186 Thread 0x0000000002c65000 Exception <a 'java/lang/ArrayIndexOutOfBoundsException'> (0x00000000da617620) thrown at [C:\re\workspace\8-2-build-windows-amd64-cygwin\jdk8u221-mos\13335\hotspot\src\share\vm\runtime\sharedRuntime.cpp, line 605]
Event: 2.191 Thread 0x0000000002c65000 Exception <a 'java/lang/ArrayIndexOutOfBoundsException'> (0x00000000da689c10) thrown at [C:\re\workspace\8-2-build-windows-amd64-cygwin\jdk8u221-mos\13335\hotspot\src\share\vm\runtime\sharedRuntime.cpp, line 605]
Event: 2.191 Thread 0x0000000002c65000 Exception <a 'java/lang/ArrayIndexOutOfBoundsException'> (0x00000000da68bec8) thrown at [C:\re\workspace\8-2-build-windows-amd64-cygwin\jdk8u221-mos\13335\hotspot\src\share\vm\runtime\sharedRuntime.cpp, line 605]
Event: 2.196 Thread 0x0000000002c65000 Exception <a 'java/lang/ArrayIndexOutOfBoundsException'> (0x00000000da7de2b0) thrown at [C:\re\workspace\8-2-build-windows-amd64-cygwin\jdk8u221-mos\13335\hotspot\src\share\vm\runtime\sharedRuntime.cpp, line 605]
Event: 2.199 Thread 0x0000000002c65000 Exception <a 'java/lang/ArrayIndexOutOfBoundsException'> (0x00000000da844920) thrown at [C:\re\workspace\8-2-build-windows-amd64-cygwin\jdk8u221-mos\13335\hotspot\src\share\vm\runtime\sharedRuntime.cpp, line 605]
Event: 2.206 Thread 0x0000000002c65000 Exception <a 'java/lang/ArrayIndexOutOfBoundsException'> (0x00000000da904a80) thrown at [C:\re\workspace\8-2-build-windows-amd64-cygwin\jdk8u221-mos\13335\hotspot\src\share\vm\runtime\sharedRuntime.cpp, line 605]
Event: 2.206 Thread 0x0000000002c65000 Exception <a 'java/lang/ArrayIndexOutOfBoundsException'> (0x00000000da906448) thrown at [C:\re\workspace\8-2-build-windows-amd64-cygwin\jdk8u221-mos\13335\hotspot\src\share\vm\runtime\sharedRuntime.cpp, line 605]

Events (10 events):
Event: 2.420 loading class org/hibernate/engine/jndi/internal/JndiServiceInitiator done
Event: 2.421 loading class org/hibernate/jmx/internal/JmxServiceInitiator
Event: 2.421 loading class org/hibernate/jmx/internal/JmxServiceInitiator done
Event: 2.421 loading class org/hibernate/persister/internal/PersisterClassResolverInitiator
Event: 2.421 loading class org/hibernate/persister/internal/PersisterClassResolverInitiator done
Event: 2.421 loading class org/hibernate/persister/internal/PersisterFactoryInitiator
Event: 2.421 loading class org/hibernate/persister/internal/PersisterFactoryInitiator done
Event: 2.424 loading class org/hibernate/engine/jdbc/connections/internal/ConnectionProviderInitiator
Event: 2.424 loading class org/hibernate/engine/jdbc/connections/internal/ConnectionProviderInitiator done
Event: 2.425 Executing VM operation: CollectForMetadataAllocation


Dynamic libraries:
0x00007ff6c9170000 - 0x00007ff6c91a7000 	C:\Program Files\Java\jre1.8.0_221\bin\javaw.exe
0x00007ffc73640000 - 0x00007ffc7382d000 	C:\WINDOWS\SYSTEM32\ntdll.dll
0x00007ffc722f0000 - 0x00007ffc723a3000 	C:\WINDOWS\System32\KERNEL32.DLL
0x00007ffc6fa30000 - 0x00007ffc6fcc3000 	C:\WINDOWS\System32\KERNELBASE.dll
0x00007ffc72710000 - 0x00007ffc727b3000 	C:\WINDOWS\System32\ADVAPI32.dll
0x00007ffc72eb0000 - 0x00007ffc72f4e000 	C:\WINDOWS\System32\msvcrt.dll
0x00007ffc71f20000 - 0x00007ffc71fbe000 	C:\WINDOWS\System32\sechost.dll
0x00007ffc72ba0000 - 0x00007ffc72cc2000 	C:\WINDOWS\System32\RPCRT4.dll
0x00007ffc724c0000 - 0x00007ffc72657000 	C:\WINDOWS\System32\USER32.dll
0x00007ffc6fd50000 - 0x00007ffc6fd70000 	C:\WINDOWS\System32\win32u.dll
0x00007ffc72670000 - 0x00007ffc72699000 	C:\WINDOWS\System32\GDI32.dll
0x00007ffc705c0000 - 0x00007ffc70759000 	C:\WINDOWS\System32\gdi32full.dll
0x00007ffc6f700000 - 0x00007ffc6f7a0000 	C:\WINDOWS\System32\msvcp_win.dll
0x00007ffc704c0000 - 0x00007ffc705ba000 	C:\WINDOWS\System32\ucrtbase.dll
0x00007ffc5db60000 - 0x00007ffc5ddd9000 	C:\WINDOWS\WinSxS\amd64_microsoft.windows.common-controls_6595b64144ccf1df_6.0.17763.914_none_05b346b2072102f2\COMCTL32.dll
0x00007ffc71fc0000 - 0x00007ffc722ec000 	C:\WINDOWS\System32\combase.dll
0x00007ffc707b0000 - 0x00007ffc7082e000 	C:\WINDOWS\System32\bcryptPrimitives.dll
0x00007ffc72b70000 - 0x00007ffc72b9e000 	C:\WINDOWS\System32\IMM32.DLL
0x00007ffc6ed40000 - 0x00007ffc6eec8000 	C:\Program Files\Avecto\Privilege Guard Client\PGHook.dll
0x00007ffc6fd30000 - 0x00007ffc6fd47000 	C:\WINDOWS\System32\CRYPTSP.dll
0x00007ffc6eb70000 - 0x00007ffc6eba3000 	C:\WINDOWS\system32\rsaenh.dll
0x00007ffc70830000 - 0x00007ffc70856000 	C:\WINDOWS\System32\bcrypt.dll
0x00007ffc6eb60000 - 0x00007ffc6eb6c000 	C:\WINDOWS\SYSTEM32\CRYPTBASE.dll
0x00007ffc70860000 - 0x00007ffc71d54000 	C:\WINDOWS\System32\shell32.dll
0x00007ffc70760000 - 0x00007ffc707aa000 	C:\WINDOWS\System32\cfgmgr32.dll
0x00007ffc71e10000 - 0x00007ffc71eb8000 	C:\WINDOWS\System32\shcore.dll
0x00007ffc6fd70000 - 0x00007ffc704bd000 	C:\WINDOWS\System32\windows.storage.dll
0x00007ffc6f670000 - 0x00007ffc6f694000 	C:\WINDOWS\System32\profapi.dll
0x00007ffc6f6a0000 - 0x00007ffc6f6fd000 	C:\WINDOWS\System32\powrprof.dll
0x00007ffc727d0000 - 0x00007ffc72822000 	C:\WINDOWS\System32\shlwapi.dll
0x00007ffc6f630000 - 0x00007ffc6f641000 	C:\WINDOWS\System32\kernel.appcore.dll
0x0000000062d00000 - 0x0000000062dd2000 	C:\Program Files\Java\jre1.8.0_221\bin\msvcr100.dll
0x0000000061df0000 - 0x0000000062695000 	C:\Program Files\Java\jre1.8.0_221\bin\server\jvm.dll
0x00007ffc72660000 - 0x00007ffc72668000 	C:\WINDOWS\System32\PSAPI.DLL
0x00007ffc64fd0000 - 0x00007ffc64fd9000 	C:\WINDOWS\SYSTEM32\WSOCK32.dll
0x00007ffc72450000 - 0x00007ffc724bd000 	C:\WINDOWS\System32\WS2_32.dll
0x00007ffc6c8a0000 - 0x00007ffc6c8c4000 	C:\WINDOWS\SYSTEM32\WINMM.dll
0x00007ffc6d640000 - 0x00007ffc6d64a000 	C:\WINDOWS\SYSTEM32\VERSION.dll
0x00007ffc6c870000 - 0x00007ffc6c89d000 	C:\WINDOWS\SYSTEM32\WINMMBASE.dll
0x00007ffc6c950000 - 0x00007ffc6c95f000 	C:\Program Files\Java\jre1.8.0_221\bin\verify.dll
0x00007ffc65d40000 - 0x00007ffc65d69000 	C:\Program Files\Java\jre1.8.0_221\bin\java.dll
0x00007ffc67650000 - 0x00007ffc67666000 	C:\Program Files\Java\jre1.8.0_221\bin\zip.dll
0x00007ffc6c990000 - 0x00007ffc6c99d000 	C:\Program Files\Java\jre1.8.0_221\bin\management.dll
0x00007ffc65d80000 - 0x00007ffc65d9a000 	C:\Program Files\Java\jre1.8.0_221\bin\net.dll
0x00007ffc60df0000 - 0x00007ffc60fc7000 	C:\WINDOWS\SYSTEM32\urlmon.dll
0x00007ffc62230000 - 0x00007ffc624d8000 	C:\WINDOWS\SYSTEM32\iertutil.dll
0x00007ffc6e8f0000 - 0x00007ffc6e957000 	C:\WINDOWS\system32\mswsock.dll
0x00007ffc65bc0000 - 0x00007ffc65bd2000 	C:\Program Files\Java\jre1.8.0_221\bin\nio.dll
0x00007ffc62640000 - 0x00007ffc62656000 	C:\WINDOWS\system32\napinsp.dll
0x00007ffc62620000 - 0x00007ffc6263a000 	C:\WINDOWS\system32\pnrpnsp.dll
0x00007ffc6e650000 - 0x00007ffc6e716000 	C:\WINDOWS\SYSTEM32\DNSAPI.dll
0x00007ffc727c0000 - 0x00007ffc727c8000 	C:\WINDOWS\System32\NSI.dll
0x00007ffc6e610000 - 0x00007ffc6e64d000 	C:\WINDOWS\SYSTEM32\IPHLPAPI.DLL
0x00007ffc62660000 - 0x00007ffc6266e000 	C:\WINDOWS\System32\winrnr.dll
0x00007ffc6b000000 - 0x00007ffc6b01b000 	C:\WINDOWS\system32\NLAapi.dll
0x00007ffc62670000 - 0x00007ffc62685000 	C:\WINDOWS\system32\wshbth.dll
0x00007ffc65c20000 - 0x00007ffc65c2a000 	C:\Windows\System32\rasadhlp.dll
0x00007ffc6a4d0000 - 0x00007ffc6a549000 	C:\WINDOWS\System32\fwpuclnt.dll
0x00007ffc6f560000 - 0x00007ffc6f588000 	C:\WINDOWS\SYSTEM32\USERENV.dll
0x00007ffc6a630000 - 0x00007ffc6a646000 	C:\WINDOWS\SYSTEM32\dhcpcsvc6.DLL
0x00007ffc6a5c0000 - 0x00007ffc6a5dc000 	C:\WINDOWS\SYSTEM32\dhcpcsvc.DLL
0x00007ffc6f130000 - 0x00007ffc6f31d000 	C:\WINDOWS\SYSTEM32\dbghelp.dll

VM Arguments:
jvm_args: -Dcom.sun.management.jmxremote -Dcom.sun.management.jmxremote.port=55196 -Dcom.sun.management.jmxremote.authenticate=false -Dcom.sun.management.jmxremote.ssl=false -Djava.rmi.server.hostname=localhost -Dspring.application.admin.enabled=true -Xverify:none -XX:TieredStopAtLevel=1 -Dfile.encoding=UTF-8 
java_command: com.luv2code.spring_boot_ecommerce.App --spring.output.ansi.enabled=always
java_class_path (initial): C:\Users\721152\Documents\workspace-spring-tool-suite-4-4.0.0.RELEASE\spring-boot-ecommerce\target\classes;C:\Users\721152\.m2\repository\org\springframework\boot\spring-boot-starter-data-jpa\2.1.3.RELEASE\spring-boot-starter-data-jpa-2.1.3.RELEASE.jar;C:\Users\721152\.m2\repository\org\springframework\boot\spring-boot-starter-aop\2.1.3.RELEASE\spring-boot-starter-aop-2.1.3.RELEASE.jar;C:\Users\721152\.m2\repository\org\springframework\spring-aop\5.1.5.RELEASE\spring-aop-5.1.5.RELEASE.jar;C:\Users\721152\.m2\repository\org\aspectj\aspectjweaver\1.9.2\aspectjweaver-1.9.2.jar;C:\Users\721152\.m2\repository\org\springframework\boot\spring-boot-starter-jdbc\2.1.3.RELEASE\spring-boot-starter-jdbc-2.1.3.RELEASE.jar;C:\Users\721152\.m2\repository\com\zaxxer\HikariCP\3.2.0\HikariCP-3.2.0.jar;C:\Users\721152\.m2\repository\org\springframework\spring-jdbc\5.1.5.RELEASE\spring-jdbc-5.1.5.RELEASE.jar;C:\Users\721152\.m2\repository\javax\transaction\javax.transaction-api\1.3\javax.transaction-api-1.3.jar;C:\Users\721152\.m2\repository\javax\xml\bind\jaxb-api\2.3.1\jaxb-api-2.3.1.jar;C:\Users\721152\.m2\repository\javax\activation\javax.activation-api\1.2.0\javax.activation-api-1.2.0.jar;C:\Users\721152\.m2\repository\org\hibernate\hibernate-core\5.3.7.Final\hibernate-core-5.3.7.Final.jar;C:\Users\721152\.m2\repository\org\jboss\logging\jboss-logging\3.3.2.Final\jboss-logging-3.3.2.Final.jar;C:\Users\721152\.m2\repository\javax\persistence\javax.persistence-api\2.2\javax.persistence-api-2.2.jar;C:\Users\721152\.m2\repository\org\javassist\javassist\3.23.1-GA\javassist-3.23.1-GA.jar;C:\Users\721152\.m2\repository\net\bytebuddy\byte-buddy\1.9.10\byte-buddy-1.9.10.jar;C:\Users\721152\.m2\repository\antlr\antlr\2.7.7\antlr-2.7.7.jar;C:\Users\721152\.m2\repository\org\jboss\jandex\2.0.5.Final\jandex-2.0.5.Final.jar;C:\Users\721152\.m2\repository\com\fasterxml\classmate\1.4.0\classmate-1.4.0.jar;C:\Users\721152\.m2\repository\org\dom4j\dom4j\2.1.1\dom4j-2.1
Launcher Type: SUN_STANDARD

Environment Variables:
PATH=C:/Program Files/Java/jre1.8.0_221/bin/server;C:/Program Files/Java/jre1.8.0_221/bin;C:/Program Files/Java/jre1.8.0_221/lib/amd64;C:\ProgramData\Oracle\Java\javapath;C:\Program Files (x86)\Common Files\Oracle\Java\javapath;C:\WINDOWS\system32;C:\WINDOWS;C:\WINDOWS\System32\Wbem;C:\WINDOWS\System32\WindowsPowerShell\v1.0\;C:\WINDOWS\System32\OpenSSH\;C:\Program Files\Git\cmd;C:\Program Files (x86)\Microsoft SQL Server\Client SDK\ODBC\130\Tools\Binn\;C:\Program Files (x86)\Microsoft SQL Server\140\Tools\Binn\;C:\Program Files (x86)\Microsoft SQL Server\140\DTS\Binn\;C:\Program Files (x86)\Microsoft SQL Server\140\Tools\Binn\ManagementStudio\;C:\Program Files (x86)\Webex\Webex\Applications;C:\Program Files\nodejs\;C:\Users\721152\AppData\Local\Microsoft\WindowsApps;C:\Users\721152\AppData\Roaming\npm;C:\Development_Avecto\sts-4.0.0.RELEASE;
USERNAME=721152
OS=Windows_NT
PROCESSOR_IDENTIFIER=Intel64 Family 6 Model 158 Stepping 9, GenuineIntel



---------------  S Y S T E M  ---------------

OS: Windows 10.0 , 64 bit Build 17763 (10.0.17763.475)

CPU:total 4 (initial active 4) (4 cores per cpu, 1 threads per core) family 6 model 158 stepping 9, cmov, cx8, fxsr, mmx, sse, sse2, sse3, ssse3, sse4.1, sse4.2, popcnt, avx, avx2, aes, clmul, erms, rtm, 3dnowpref, lzcnt, tsc, tscinvbit, bmi1, bmi2, adx

Memory: 4k page, physical 8293360k(1338864k free), swap 15371248k(6527644k free)

vm_info: Java HotSpot(TM) 64-Bit Server VM (25.221-b27) for windows-amd64 JRE (1.8.0_221-b27), built on Jul  7 2019 13:12:43 by "java_re" with MS VC++ 10.0 (VS2010)

time: Tue Dec 31 12:36:16 2019
timezone: India Standard Time
elapsed time: 2 seconds (0d 0h 0m 2s)

